INFO : Could not find 1 script; []movie_page= https://imsdb.com/Movie Scripts/Harry Potter and the Chamber of Secrets Script.html
INFO : Could not find 1 script; []movie_page= https://imsdb.com/Movie Scripts/Full Metal Jacket Script.html
INFO : Could not find 1 script; []movie_page= https://imsdb.com/Movie Scripts/Matchstick Men Script.html
INFO : Could not find 1 script; []movie_page= https://imsdb.com/Movie Scripts/Goodfellas Script.html
INFO : Could not find 1 script; []movie_page= https://imsdb.com/Movie Scripts/Harry Potter and the Half-Blood Prince Script.html
INFO : Could not find 1 script; []movie_page= https://imsdb.com/Movie Scripts/Batman Returns Script.html
INFO : Could not find 1 script; []movie_page= https://imsdb.com/Movie Scripts/Donnie Darko Script.html
INFO : Could not find 1 script; []movie_page= https://imsdb.com/Movie Scripts/Dark Knight, The Script.html
INFO : Could not find 1 script; []movie_page= https://imsdb.com/Movie Scripts/Harry Potter and the Goblet of Fire Script.html
INFO : Could not find 1 script; []movie_page= https://imsdb.com/Movie Scripts/Ginger Snaps Script.html
INFO : Could not find 1 script; []movie_page= https://imsdb.com/Movie Scripts/Lethal Weapon 4 Script.html
INFO : Could not find 1 script; []movie_page= https://imsdb.com/Movie Scripts/Eyes Wide Shut Script.html
INFO : Could not find 1 script; []movie_page= https://imsdb.com/Movie Scripts/A.I. Script.html
INFO : Could not find 1 script; []movie_page= https://imsdb.com/Movie Scripts/Who Framed Roger Rabbit? Script.html
INFO : Could not find 1 script; []movie_page= https://imsdb.com/Movie Scripts/Contact Script.html
INFO : Could not find 1 script; []movie_page= https://imsdb.com/Movie Scripts/Harry Potter and the Sorcerer's Stone Script.html
INFO : Could not find 1 script; []movie_page= https://imsdb.com/Movie Scripts/Outbreak Script.html
INFO : Could not find 1 script; []movie_page= https://imsdb.com/Movie Scripts/Valentine's Day Script.html
INFO : Could not find 1 script; []movie_page= https://imsdb.com/Movie Scripts/Fury Script.html
INFO : Could not find 1 script; []movie_page= https://imsdb.com/Movie Scripts/Batman and Robin Script.html
INFO : Could not find 1 script; []movie_page= https://imsdb.com/Movie Scripts/O Brother Where Art Thou? Script.html
INFO : Could not find 1 script; []movie_page= https://imsdb.com/Movie Scripts/Executive Decision Script.html
INFO : Could not find 1 script; []movie_page= https://imsdb.com/Movie Scripts/Unforgiven Script.html
INFO : Could not find 1 script; []movie_page= https://imsdb.com/Movie Scripts/Innerspace Script.html
INFO : Could not find 1 script; []movie_page= https://imsdb.com/Movie Scripts/Casablanca Script.html
INFO : Could not find 1 script; []movie_page= https://imsdb.com/Movie Scripts/Batman Forever Script.html
INFO : Could not find 1 script; []movie_page= https://imsdb.com/Movie Scripts/What About Bob? Script.html
INFO : Could not find 1 script; []movie_page= https://imsdb.com/Movie Scripts/Lethal Weapon Script.html
INFO : Could not find 1 script; []movie_page= https://imsdb.com/Movie Scripts/Batman Begins Script.html
INFO : Could not find 1 script; []movie_page= https://imsdb.com/Movie Scripts/Harry Potter and the Deathly Hallows Part 1 Script.html
INFO : Could not find 1 script; []movie_page= https://imsdb.com/Movie Scripts/Troy Script.html
INFO : Could not find 1 script; []movie_page= https://imsdb.com/Movie Scripts/Harry Potter and the Prisoner of Azkaban Script.html
